{"/Users/arkarmoemyint/Documents/By Semester/Spring 2026/320/Team10/backend/src/app.ts": {"path":"/Users/arkarmoemyint/Documents/By Semester/Spring 2026/320/Team10/backend/src/app.ts","statementMap":{"0":{"start":{"line":10,"column":0},"end":{"line":10,"column":16}},"1":{"start":{"line":1,"column":0},"end":{"line":1,"column":30}},"2":{"start":{"line":2,"column":0},"end":{"line":2,"column":24}},"3":{"start":{"line":4,"column":0},"end":{"line":4,"column":51}},"4":{"start":{"line":5,"column":0},"end":{"line":5,"column":51}},"5":{"start":{"line":6,"column":0},"end":{"line":6,"column":45}},"6":{"start":{"line":7,"column":0},"end":{"line":7,"column":57}},"7":{"start":{"line":8,"column":0},"end":{"line":8,"column":59}},"8":{"start":{"line":11,"column":14},"end":{"line":11,"column":23}},"9":{"start":{"line":13,"column":2},"end":{"line":13,"column":18}},"10":{"start":{"line":14,"column":2},"end":{"line":14,"column":26}},"11":{"start":{"line":16,"column":2},"end":{"line":18,"column":5}},"12":{"start":{"line":17,"column":4},"end":{"line":17,"column":31}},"13":{"start":{"line":20,"column":2},"end":{"line":22,"column":5}},"14":{"start":{"line":21,"column":4},"end":{"line":21,"column":58}},"15":{"start":{"line":24,"column":2},"end":{"line":24,"column":35}},"16":{"start":{"line":25,"column":2},"end":{"line":25,"column":42}},"17":{"start":{"line":26,"column":2},"end":{"line":26,"column":42}},"18":{"start":{"line":27,"column":2},"end":{"line":27,"column":50}},"19":{"start":{"line":29,"column":2},"end":{"line":29,"column":24}},"20":{"start":{"line":31,"column":2},"end":{"line":31,"column":13}},"21":{"start":{"line":34,"column":0},"end":{"line":34,"column":25}}},"fnMap":{"0":{"name":"createApp","decl":{"start":{"line":10,"column":16},"end":{"line":10,"column":25}},"loc":{"start":{"line":10,"column":25},"end":{"line":32,"column":1}}},"1":{"name":"(anonymous_2)","decl":{"start":{"line":16,"column":15},"end":{"line":16,"column":16}},"loc":{"start":{"line":16,"column":28},"end":{"line":18,"column":3}}},"2":{"name":"(anonymous_3)","decl":{"start":{"line":20,"column":25},"end":{"line":20,"column":26}},"loc":{"start":{"line":20,"column":38},"end":{"line":22,"column":3}}}},"branchMap":{},"s":{"0":9,"1":9,"2":9,"3":9,"4":9,"5":9,"6":9,"7":9,"8":9,"9":9,"10":9,"11":9,"12":0,"13":9,"14":0,"15":9,"16":9,"17":9,"18":9,"19":9,"20":9,"21":9},"f":{"0":9,"1":0,"2":0},"b":{}}
,"/Users/arkarmoemyint/Documents/By Semester/Spring 2026/320/Team10/backend/src/controllers/authController.ts": {"path":"/Users/arkarmoemyint/Documents/By Semester/Spring 2026/320/Team10/backend/src/controllers/authController.ts","statementMap":{"0":{"start":{"line":2,"column":0},"end":{"line":2,"column":58}},"1":{"start":{"line":3,"column":0},"end":{"line":3,"column":55}},"2":{"start":{"line":5,"column":13},"end":{"line":8,"column":3}},"3":{"start":{"line":6,"column":17},"end":{"line":6,"column":53}},"4":{"start":{"line":7,"column":2},"end":{"line":7,"column":31}},"5":{"start":{"line":10,"column":13},"end":{"line":13,"column":3}},"6":{"start":{"line":11,"column":17},"end":{"line":11,"column":50}},"7":{"start":{"line":12,"column":2},"end":{"line":12,"column":19}}},"fnMap":{"0":{"name":"(anonymous_9)","decl":{"start":{"line":5,"column":37},"end":{"line":5,"column":42}},"loc":{"start":{"line":5,"column":75},"end":{"line":8,"column":1}}},"1":{"name":"(anonymous_10)","decl":{"start":{"line":10,"column":34},"end":{"line":10,"column":39}},"loc":{"start":{"line":10,"column":72},"end":{"line":13,"column":1}}}},"branchMap":{},"s":{"0":9,"1":9,"2":9,"3":44,"4":42,"5":9,"6":3,"7":1},"f":{"0":44,"1":3},"b":{}}
,"/Users/arkarmoemyint/Documents/By Semester/Spring 2026/320/Team10/backend/src/controllers/listingController.ts": {"path":"/Users/arkarmoemyint/Documents/By Semester/Spring 2026/320/Team10/backend/src/controllers/listingController.ts","statementMap":{"0":{"start":{"line":2,"column":0},"end":{"line":2,"column":32}},"1":{"start":{"line":4,"column":0},"end":{"line":4,"column":45}},"2":{"start":{"line":5,"column":0},"end":{"line":5,"column":61}},"3":{"start":{"line":6,"column":0},"end":{"line":6,"column":58}},"4":{"start":{"line":9,"column":15},"end":{"line":9,"column":49}},"5":{"start":{"line":10,"column":2},"end":{"line":10,"column":60}},"6":{"start":{"line":10,"column":49},"end":{"line":10,"column":60}},"7":{"start":{"line":11,"column":2},"end":{"line":11,"column":62}},"8":{"start":{"line":16,"column":16},"end":{"line":16,"column":61}},"9":{"start":{"line":17,"column":13},"end":{"line":17,"column":36}},"10":{"start":{"line":18,"column":2},"end":{"line":18,"column":51}},"11":{"start":{"line":18,"column":11},"end":{"line":18,"column":51}},"12":{"start":{"line":19,"column":2},"end":{"line":19,"column":12}},"13":{"start":{"line":22,"column":13},"end":{"line":28,"column":3}},"14":{"start":{"line":23,"column":17},"end":{"line":23,"column":31}},"15":{"start":{"line":26,"column":18},"end":{"line":26,"column":70}},"16":{"start":{"line":27,"column":2},"end":{"line":27,"column":32}},"17":{"start":{"line":30,"column":13},"end":{"line":33,"column":3}},"18":{"start":{"line":31,"column":17},"end":{"line":31,"column":67}},"19":{"start":{"line":32,"column":2},"end":{"line":32,"column":19}},"20":{"start":{"line":35,"column":13},"end":{"line":46,"column":3}},"21":{"start":{"line":36,"column":13},"end":{"line":36,"column":43}},"22":{"start":{"line":38,"column":2},"end":{"line":40,"column":3}},"23":{"start":{"line":39,"column":4},"end":{"line":39,"column":50}},"24":{"start":{"line":42,"column":18},"end":{"line":42,"column":57}},"25":{"start":{"line":43,"column":2},"end":{"line":43,"column":61}},"26":{"start":{"line":43,"column":16},"end":{"line":43,"column":61}},"27":{"start":{"line":45,"column":2},"end":{"line":45,"column":20}},"28":{"start":{"line":48,"column":13},"end":{"line":57,"column":3}},"29":{"start":{"line":49,"column":13},"end":{"line":49,"column":32}},"30":{"start":{"line":50,"column":2},"end":{"line":50,"column":90}},"31":{"start":{"line":50,"column":44},"end":{"line":50,"column":90}},"32":{"start":{"line":52,"column":18},"end":{"line":52,"column":51}},"33":{"start":{"line":53,"column":2},"end":{"line":53,"column":55}},"34":{"start":{"line":53,"column":15},"end":{"line":53,"column":55}},"35":{"start":{"line":55,"column":18},"end":{"line":55,"column":74}},"36":{"start":{"line":56,"column":2},"end":{"line":56,"column":20}},"37":{"start":{"line":59,"column":13},"end":{"line":68,"column":3}},"38":{"start":{"line":60,"column":13},"end":{"line":60,"column":32}},"39":{"start":{"line":61,"column":2},"end":{"line":61,"column":90}},"40":{"start":{"line":61,"column":44},"end":{"line":61,"column":90}},"41":{"start":{"line":63,"column":18},"end":{"line":63,"column":51}},"42":{"start":{"line":64,"column":2},"end":{"line":64,"column":55}},"43":{"start":{"line":64,"column":15},"end":{"line":64,"column":55}},"44":{"start":{"line":66,"column":2},"end":{"line":66,"column":49}},"45":{"start":{"line":67,"column":2},"end":{"line":67,"column":25}},"46":{"start":{"line":70,"column":13},"end":{"line":75,"column":3}},"47":{"start":{"line":71,"column":17},"end":{"line":71,"column":31}},"48":{"start":{"line":73,"column":17},"end":{"line":73,"column":77}},"49":{"start":{"line":74,"column":2},"end":{"line":74,"column":19}}},"fnMap":{"0":{"name":"getParam","decl":{"start":{"line":8,"column":9},"end":{"line":8,"column":17}},"loc":{"start":{"line":8,"column":43},"end":{"line":12,"column":1}}},"1":{"name":"getUserId","decl":{"start":{"line":15,"column":9},"end":{"line":15,"column":18}},"loc":{"start":{"line":15,"column":31},"end":{"line":20,"column":1}}},"2":{"name":"(anonymous_12)","decl":{"start":{"line":22,"column":42},"end":{"line":22,"column":47}},"loc":{"start":{"line":22,"column":80},"end":{"line":28,"column":1}}},"3":{"name":"(anonymous_13)","decl":{"start":{"line":30,"column":40},"end":{"line":30,"column":45}},"loc":{"start":{"line":30,"column":78},"end":{"line":33,"column":1}}},"4":{"name":"(anonymous_14)","decl":{"start":{"line":35,"column":43},"end":{"line":35,"column":48}},"loc":{"start":{"line":35,"column":81},"end":{"line":46,"column":1}}},"5":{"name":"(anonymous_15)","decl":{"start":{"line":48,"column":42},"end":{"line":48,"column":47}},"loc":{"start":{"line":48,"column":80},"end":{"line":57,"column":1}}},"6":{"name":"(anonymous_16)","decl":{"start":{"line":59,"column":42},"end":{"line":59,"column":47}},"loc":{"start":{"line":59,"column":80},"end":{"line":68,"column":1}}},"7":{"name":"(anonymous_17)","decl":{"start":{"line":70,"column":42},"end":{"line":70,"column":47}},"loc":{"start":{"line":70,"column":80},"end":{"line":75,"column":1}}}},"branchMap":{"0":{"loc":{"start":{"line":10,"column":2},"end":{"line":10,"column":60}},"type":"if","locations":[{"start":{"line":10,"column":2},"end":{"line":10,"column":60}},{"start":{},"end":{}}]},"1":{"loc":{"start":{"line":10,"column":6},"end":{"line":10,"column":47}},"type":"binary-expr","locations":[{"start":{"line":10,"column":6},"end":{"line":10,"column":29}},{"start":{"line":10,"column":33},"end":{"line":10,"column":47}}]},"2":{"loc":{"start":{"line":18,"column":2},"end":{"line":18,"column":51}},"type":"if","locations":[{"start":{"line":18,"column":2},"end":{"line":18,"column":51}},{"start":{},"end":{}}]},"3":{"loc":{"start":{"line":38,"column":2},"end":{"line":40,"column":3}},"type":"if","locations":[{"start":{"line":38,"column":2},"end":{"line":40,"column":3}},{"start":{},"end":{}}]},"4":{"loc":{"start":{"line":43,"column":2},"end":{"line":43,"column":61}},"type":"if","locations":[{"start":{"line":43,"column":2},"end":{"line":43,"column":61}},{"start":{},"end":{}}]},"5":{"loc":{"start":{"line":50,"column":2},"end":{"line":50,"column":90}},"type":"if","locations":[{"start":{"line":50,"column":2},"end":{"line":50,"column":90}},{"start":{},"end":{}}]},"6":{"loc":{"start":{"line":53,"column":2},"end":{"line":53,"column":55}},"type":"if","locations":[{"start":{"line":53,"column":2},"end":{"line":53,"column":55}},{"start":{},"end":{}}]},"7":{"loc":{"start":{"line":61,"column":2},"end":{"line":61,"column":90}},"type":"if","locations":[{"start":{"line":61,"column":2},"end":{"line":61,"column":90}},{"start":{},"end":{}}]},"8":{"loc":{"start":{"line":64,"column":2},"end":{"line":64,"column":55}},"type":"if","locations":[{"start":{"line":64,"column":2},"end":{"line":64,"column":55}},{"start":{},"end":{}}]}},"s":{"0":9,"1":9,"2":9,"3":9,"4":2,"5":2,"6":2,"7":0,"8":0,"9":0,"10":0,"11":0,"12":0,"13":9,"14":0,"15":0,"16":0,"17":9,"18":0,"19":0,"20":9,"21":2,"22":2,"23":1,"24":1,"25":1,"26":1,"27":0,"28":9,"29":1,"30":1,"31":1,"32":0,"33":0,"34":0,"35":0,"36":0,"37":9,"38":1,"39":1,"40":1,"41":0,"42":0,"43":0,"44":0,"45":0,"46":9,"47":0,"48":0,"49":0},"f":{"0":2,"1":0,"2":0,"3":0,"4":2,"5":1,"6":1,"7":0},"b":{"0":[2,0],"1":[2,2],"2":[0,0],"3":[1,1],"4":[1,0],"5":[1,0],"6":[0,0],"7":[1,0],"8":[0,0]}}
,"/Users/arkarmoemyint/Documents/By Semester/Spring 2026/320/Team10/backend/src/controllers/productControllers.ts": {"path":"/Users/arkarmoemyint/Documents/By Semester/Spring 2026/320/Team10/backend/src/controllers/productControllers.ts","statementMap":{"0":{"start":{"line":2,"column":0},"end":{"line":2,"column":61}},"1":{"start":{"line":4,"column":29},"end":{"line":27,"column":1}},"2":{"start":{"line":9,"column":4},"end":{"line":26,"column":5}},"3":{"start":{"line":10,"column":66},"end":{"line":10,"column":74}},"4":{"start":{"line":12,"column":24},"end":{"line":18,"column":10}},"5":{"start":{"line":20,"column":8},"end":{"line":23,"column":null}},"6":{"start":{"line":25,"column":8},"end":{"line":25,"column":20}},"7":{"start":{"line":4,"column":13},"end":{"line":4,"column":29}},"8":{"start":{"line":29,"column":30},"end":{"line":46,"column":1}},"9":{"start":{"line":34,"column":4},"end":{"line":45,"column":5}},"10":{"start":{"line":35,"column":25},"end":{"line":35,"column":62}},"11":{"start":{"line":37,"column":8},"end":{"line":41,"column":null}},"12":{"start":{"line":44,"column":8},"end":{"line":44,"column":20}},"13":{"start":{"line":29,"column":13},"end":{"line":29,"column":30}},"14":{"start":{"line":48,"column":30},"end":{"line":62,"column":1}},"15":{"start":{"line":49,"column":4},"end":{"line":61,"column":5}},"16":{"start":{"line":50,"column":23},"end":{"line":50,"column":33}},"17":{"start":{"line":51,"column":24},"end":{"line":51,"column":63}},"18":{"start":{"line":53,"column":8},"end":{"line":57,"column":null}},"19":{"start":{"line":60,"column":8},"end":{"line":60,"column":20}},"20":{"start":{"line":48,"column":13},"end":{"line":48,"column":30}},"21":{"start":{"line":64,"column":29},"end":{"line":78,"column":1}},"22":{"start":{"line":65,"column":4},"end":{"line":77,"column":5}},"23":{"start":{"line":66,"column":23},"end":{"line":66,"column":33}},"24":{"start":{"line":67,"column":31},"end":{"line":67,"column":79}},"25":{"start":{"line":69,"column":8},"end":{"line":73,"column":null}},"26":{"start":{"line":76,"column":8},"end":{"line":76,"column":20}},"27":{"start":{"line":64,"column":13},"end":{"line":64,"column":29}},"28":{"start":{"line":80,"column":29},"end":{"line":94,"column":1}},"29":{"start":{"line":81,"column":4},"end":{"line":93,"column":5}},"30":{"start":{"line":82,"column":23},"end":{"line":82,"column":33}},"31":{"start":{"line":83,"column":8},"end":{"line":83,"column":47}},"32":{"start":{"line":85,"column":8},"end":{"line":89,"column":null}},"33":{"start":{"line":92,"column":8},"end":{"line":92,"column":20}},"34":{"start":{"line":80,"column":13},"end":{"line":80,"column":29}}},"fnMap":{"0":{"name":"(anonymous_9)","decl":{"start":{"line":4,"column":29},"end":{"line":4,"column":34}},"loc":{"start":{"line":8,"column":4},"end":{"line":27,"column":1}}},"1":{"name":"(anonymous_10)","decl":{"start":{"line":29,"column":30},"end":{"line":29,"column":35}},"loc":{"start":{"line":33,"column":4},"end":{"line":46,"column":1}}},"2":{"name":"(anonymous_11)","decl":{"start":{"line":48,"column":30},"end":{"line":48,"column":35}},"loc":{"start":{"line":48,"column":104},"end":{"line":62,"column":1}}},"3":{"name":"(anonymous_12)","decl":{"start":{"line":64,"column":29},"end":{"line":64,"column":34}},"loc":{"start":{"line":64,"column":103},"end":{"line":78,"column":1}}},"4":{"name":"(anonymous_13)","decl":{"start":{"line":80,"column":29},"end":{"line":80,"column":34}},"loc":{"start":{"line":80,"column":103},"end":{"line":94,"column":1}}}},"branchMap":{},"s":{"0":9,"1":9,"2":0,"3":0,"4":0,"5":0,"6":0,"7":9,"8":9,"9":0,"10":0,"11":0,"12":0,"13":9,"14":9,"15":0,"16":0,"17":0,"18":0,"19":0,"20":9,"21":9,"22":0,"23":0,"24":0,"25":0,"26":0,"27":9,"28":9,"29":0,"30":0,"31":0,"32":0,"33":0,"34":9},"f":{"0":0,"1":0,"2":0,"3":0,"4":0},"b":{}}
,"/Users/arkarmoemyint/Documents/By Semester/Spring 2026/320/Team10/backend/src/controllers/transactionController.ts": {"path":"/Users/arkarmoemyint/Documents/By Semester/Spring 2026/320/Team10/backend/src/controllers/transactionController.ts","statementMap":{"0":{"start":{"line":2,"column":0},"end":{"line":2,"column":58}},"1":{"start":{"line":3,"column":0},"end":{"line":3,"column":45}},"2":{"start":{"line":4,"column":0},"end":{"line":4,"column":69}},"3":{"start":{"line":7,"column":16},"end":{"line":7,"column":61}},"4":{"start":{"line":8,"column":13},"end":{"line":8,"column":36}},"5":{"start":{"line":9,"column":2},"end":{"line":9,"column":51}},"6":{"start":{"line":9,"column":11},"end":{"line":9,"column":51}},"7":{"start":{"line":10,"column":2},"end":{"line":10,"column":12}},"8":{"start":{"line":14,"column":15},"end":{"line":14,"column":49}},"9":{"start":{"line":16,"column":2},"end":{"line":16,"column":60}},"10":{"start":{"line":16,"column":49},"end":{"line":16,"column":60}},"11":{"start":{"line":18,"column":2},"end":{"line":18,"column":62}},"12":{"start":{"line":21,"column":13},"end":{"line":33,"column":3}},"13":{"start":{"line":22,"column":17},"end":{"line":22,"column":31}},"14":{"start":{"line":24,"column":22},"end":{"line":29,"column":null}},"15":{"start":{"line":32,"column":2},"end":{"line":32,"column":36}},"16":{"start":{"line":35,"column":13},"end":{"line":39,"column":3}},"17":{"start":{"line":36,"column":17},"end":{"line":36,"column":31}},"18":{"start":{"line":37,"column":17},"end":{"line":37,"column":83}},"19":{"start":{"line":38,"column":2},"end":{"line":38,"column":19}},"20":{"start":{"line":41,"column":13},"end":{"line":47,"column":3}},"21":{"start":{"line":42,"column":17},"end":{"line":42,"column":31}},"22":{"start":{"line":43,"column":13},"end":{"line":43,"column":32}},"23":{"start":{"line":45,"column":22},"end":{"line":45,"column":77}},"24":{"start":{"line":46,"column":2},"end":{"line":46,"column":24}},"25":{"start":{"line":49,"column":13},"end":{"line":60,"column":3}},"26":{"start":{"line":50,"column":17},"end":{"line":50,"column":31}},"27":{"start":{"line":51,"column":13},"end":{"line":51,"column":32}},"28":{"start":{"line":53,"column":18},"end":{"line":56,"column":null}},"29":{"start":{"line":59,"column":2},"end":{"line":59,"column":20}}},"fnMap":{"0":{"name":"getUserId","decl":{"start":{"line":6,"column":9},"end":{"line":6,"column":18}},"loc":{"start":{"line":6,"column":31},"end":{"line":11,"column":1}}},"1":{"name":"getParam","decl":{"start":{"line":13,"column":9},"end":{"line":13,"column":17}},"loc":{"start":{"line":13,"column":43},"end":{"line":19,"column":1}}},"2":{"name":"(anonymous_11)","decl":{"start":{"line":21,"column":46},"end":{"line":21,"column":51}},"loc":{"start":{"line":21,"column":84},"end":{"line":33,"column":1}}},"3":{"name":"(anonymous_12)","decl":{"start":{"line":35,"column":44},"end":{"line":35,"column":49}},"loc":{"start":{"line":35,"column":82},"end":{"line":39,"column":1}}},"4":{"name":"(anonymous_13)","decl":{"start":{"line":41,"column":47},"end":{"line":41,"column":52}},"loc":{"start":{"line":41,"column":85},"end":{"line":47,"column":1}}},"5":{"name":"(anonymous_14)","decl":{"start":{"line":49,"column":52},"end":{"line":49,"column":57}},"loc":{"start":{"line":49,"column":90},"end":{"line":60,"column":1}}}},"branchMap":{"0":{"loc":{"start":{"line":9,"column":2},"end":{"line":9,"column":51}},"type":"if","locations":[{"start":{"line":9,"column":2},"end":{"line":9,"column":51}},{"start":{},"end":{}}]},"1":{"loc":{"start":{"line":16,"column":2},"end":{"line":16,"column":60}},"type":"if","locations":[{"start":{"line":16,"column":2},"end":{"line":16,"column":60}},{"start":{},"end":{}}]},"2":{"loc":{"start":{"line":16,"column":6},"end":{"line":16,"column":47}},"type":"binary-expr","locations":[{"start":{"line":16,"column":6},"end":{"line":16,"column":29}},{"start":{"line":16,"column":33},"end":{"line":16,"column":47}}]}},"s":{"0":9,"1":9,"2":9,"3":2,"4":2,"5":2,"6":0,"7":2,"8":0,"9":0,"10":0,"11":0,"12":9,"13":2,"14":2,"15":0,"16":9,"17":0,"18":0,"19":0,"20":9,"21":0,"22":0,"23":0,"24":0,"25":9,"26":0,"27":0,"28":0,"29":0},"f":{"0":2,"1":0,"2":2,"3":0,"4":0,"5":0},"b":{"0":[0,2],"1":[0,0],"2":[0,0]}}
,"/Users/arkarmoemyint/Documents/By Semester/Spring 2026/320/Team10/backend/src/middleware/asyncHandler.ts": {"path":"/Users/arkarmoemyint/Documents/By Semester/Spring 2026/320/Team10/backend/src/middleware/asyncHandler.ts","statementMap":{"0":{"start":{"line":7,"column":2},"end":{"line":22,"column":3}},"1":{"start":{"line":20,"column":2},"end":{"line":22,"column":3}},"2":{"start":{"line":21,"column":4},"end":{"line":21,"column":52}},"3":{"start":{"line":6,"column":13},"end":{"line":6,"column":null}}},"fnMap":{"0":{"name":"(anonymous_0)","decl":{"start":{"line":7,"column":2},"end":{"line":7,"column":null}},"loc":{"start":{"line":20,"column":2},"end":{"line":22,"column":3}}},"1":{"name":"(anonymous_1)","decl":{"start":{"line":20,"column":2},"end":{"line":20,"column":3}},"loc":{"start":{"line":20,"column":21},"end":{"line":22,"column":3}}}},"branchMap":{},"s":{"0":9,"1":108,"2":53,"3":9},"f":{"0":108,"1":53},"b":{}}
,"/Users/arkarmoemyint/Documents/By Semester/Spring 2026/320/Team10/backend/src/middleware/auth.ts": {"path":"/Users/arkarmoemyint/Documents/By Semester/Spring 2026/320/Team10/backend/src/middleware/auth.ts","statementMap":{"0":{"start":{"line":5,"column":0},"end":{"line":5,"column":7}},"1":{"start":{"line":2,"column":0},"end":{"line":2,"column":31}},"2":{"start":{"line":3,"column":0},"end":{"line":3,"column":34}},"3":{"start":{"line":6,"column":2},"end":{"line":36,"column":3}},"4":{"start":{"line":7,"column":19},"end":{"line":7,"column":44}},"5":{"start":{"line":9,"column":4},"end":{"line":11,"column":5}},"6":{"start":{"line":10,"column":6},"end":{"line":10,"column":64}},"7":{"start":{"line":13,"column":18},"end":{"line":13,"column":35}},"8":{"start":{"line":14,"column":18},"end":{"line":14,"column":26}},"9":{"start":{"line":16,"column":4},"end":{"line":18,"column":5}},"10":{"start":{"line":17,"column":6},"end":{"line":17,"column":64}},"11":{"start":{"line":20,"column":19},"end":{"line":20,"column":41}},"12":{"start":{"line":21,"column":4},"end":{"line":23,"column":5}},"13":{"start":{"line":22,"column":6},"end":{"line":22,"column":77}},"14":{"start":{"line":25,"column":20},"end":{"line":25,"column":63}},"15":{"start":{"line":27,"column":17},"end":{"line":27,"column":84}},"16":{"start":{"line":28,"column":4},"end":{"line":30,"column":5}},"17":{"start":{"line":29,"column":6},"end":{"line":29,"column":64}},"18":{"start":{"line":32,"column":4},"end":{"line":32,"column":20}},"19":{"start":{"line":33,"column":4},"end":{"line":33,"column":11}},"20":{"start":{"line":35,"column":4},"end":{"line":35,"column":62}}},"fnMap":{"0":{"name":"protect","decl":{"start":{"line":5,"column":22},"end":{"line":5,"column":29}},"loc":{"start":{"line":5,"column":77},"end":{"line":37,"column":1}}}},"branchMap":{"0":{"loc":{"start":{"line":9,"column":4},"end":{"line":11,"column":5}},"type":"if","locations":[{"start":{"line":9,"column":4},"end":{"line":11,"column":5}},{"start":{},"end":{}}]},"1":{"loc":{"start":{"line":9,"column":8},"end":{"line":9,"column":48}},"type":"binary-expr","locations":[{"start":{"line":9,"column":8},"end":{"line":9,"column":15}},{"start":{"line":9,"column":19},"end":{"line":9,"column":48}}]},"2":{"loc":{"start":{"line":16,"column":4},"end":{"line":18,"column":5}},"type":"if","locations":[{"start":{"line":16,"column":4},"end":{"line":18,"column":5}},{"start":{},"end":{}}]},"3":{"loc":{"start":{"line":21,"column":4},"end":{"line":23,"column":5}},"type":"if","locations":[{"start":{"line":21,"column":4},"end":{"line":23,"column":5}},{"start":{},"end":{}}]},"4":{"loc":{"start":{"line":28,"column":4},"end":{"line":30,"column":5}},"type":"if","locations":[{"start":{"line":28,"column":4},"end":{"line":30,"column":5}},{"start":{},"end":{}}]}},"s":{"0":9,"1":9,"2":9,"3":8,"4":8,"5":8,"6":4,"7":4,"8":4,"9":4,"10":0,"11":4,"12":4,"13":0,"14":4,"15":4,"16":4,"17":0,"18":4,"19":4,"20":0},"f":{"0":8},"b":{"0":[4,4],"1":[8,4],"2":[0,4],"3":[0,4],"4":[0,4]}}
,"/Users/arkarmoemyint/Documents/By Semester/Spring 2026/320/Team10/backend/src/middleware/errorHandler.ts": {"path":"/Users/arkarmoemyint/Documents/By Semester/Spring 2026/320/Team10/backend/src/middleware/errorHandler.ts","statementMap":{"0":{"start":{"line":3,"column":0},"end":{"line":3,"column":16}},"1":{"start":{"line":4,"column":17},"end":{"line":4,"column":38}},"2":{"start":{"line":5,"column":2},"end":{"line":8,"column":5}}},"fnMap":{"0":{"name":"errorHandler","decl":{"start":{"line":3,"column":16},"end":{"line":3,"column":28}},"loc":{"start":{"line":3,"column":86},"end":{"line":9,"column":1}}}},"branchMap":{"0":{"loc":{"start":{"line":4,"column":17},"end":{"line":4,"column":38}},"type":"binary-expr","locations":[{"start":{"line":4,"column":17},"end":{"line":4,"column":31}},{"start":{"line":4,"column":35},"end":{"line":4,"column":38}}]},"1":{"loc":{"start":{"line":6,"column":13},"end":{"line":6,"column":42}},"type":"binary-expr","locations":[{"start":{"line":6,"column":13},"end":{"line":6,"column":24}},{"start":{"line":6,"column":28},"end":{"line":6,"column":42}}]},"2":{"loc":{"start":{"line":7,"column":8},"end":{"line":7,"column":73}},"type":"cond-expr","locations":[{"start":{"line":7,"column":48},"end":{"line":7,"column":68}},{"start":{"line":7,"column":71},"end":{"line":7,"column":73}}]}},"s":{"0":9,"1":10,"2":10},"f":{"0":10},"b":{"0":[10,0],"1":[10,0],"2":[10,0]}}
,"/Users/arkarmoemyint/Documents/By Semester/Spring 2026/320/Team10/backend/src/models/Category.ts": {"path":"/Users/arkarmoemyint/Documents/By Semester/Spring 2026/320/Team10/backend/src/models/Category.ts","statementMap":{"0":{"start":{"line":1,"column":0},"end":{"line":1,"column":51}},"1":{"start":{"line":9,"column":23},"end":{"line":13,"column":null}},"2":{"start":{"line":16,"column":17},"end":{"line":16,"column":61}},"3":{"start":{"line":18,"column":0},"end":{"line":18,"column":24}}},"fnMap":{},"branchMap":{},"s":{"0":7,"1":7,"2":7,"3":7},"f":{},"b":{}}
,"/Users/arkarmoemyint/Documents/By Semester/Spring 2026/320/Team10/backend/src/models/Listing.ts": {"path":"/Users/arkarmoemyint/Documents/By Semester/Spring 2026/320/Team10/backend/src/models/Listing.ts","statementMap":{"0":{"start":{"line":1,"column":0},"end":{"line":1,"column":48}},"1":{"start":{"line":3,"column":22},"end":{"line":27,"column":2}},"2":{"start":{"line":29,"column":0},"end":{"line":29,"column":47}}},"fnMap":{},"branchMap":{},"s":{"0":9,"1":9,"2":9},"f":{},"b":{}}
,"/Users/arkarmoemyint/Documents/By Semester/Spring 2026/320/Team10/backend/src/models/Product.ts": {"path":"/Users/arkarmoemyint/Documents/By Semester/Spring 2026/320/Team10/backend/src/models/Product.ts","statementMap":{"0":{"start":{"line":1,"column":0},"end":{"line":1,"column":58}},"1":{"start":{"line":11,"column":22},"end":{"line":21,"column":null}},"2":{"start":{"line":24,"column":13},"end":{"line":24,"column":65}}},"fnMap":{},"branchMap":{},"s":{"0":9,"1":9,"2":9},"f":{},"b":{}}
,"/Users/arkarmoemyint/Documents/By Semester/Spring 2026/320/Team10/backend/src/models/Seller.ts": {"path":"/Users/arkarmoemyint/Documents/By Semester/Spring 2026/320/Team10/backend/src/models/Seller.ts","statementMap":{"0":{"start":{"line":1,"column":0},"end":{"line":1,"column":41}},"1":{"start":{"line":3,"column":21},"end":{"line":9,"column":null}},"2":{"start":{"line":12,"column":0},"end":{"line":12,"column":45}}},"fnMap":{},"branchMap":{},"s":{"0":1,"1":1,"2":1},"f":{},"b":{}}
,"/Users/arkarmoemyint/Documents/By Semester/Spring 2026/320/Team10/backend/src/models/Transaction.ts": {"path":"/Users/arkarmoemyint/Documents/By Semester/Spring 2026/320/Team10/backend/src/models/Transaction.ts","statementMap":{"0":{"start":{"line":1,"column":0},"end":{"line":1,"column":54}},"1":{"start":{"line":13,"column":26},"end":{"line":41,"column":null}},"2":{"start":{"line":44,"column":0},"end":{"line":44,"column":78}}},"fnMap":{},"branchMap":{},"s":{"0":9,"1":9,"2":9},"f":{},"b":{}}
,"/Users/arkarmoemyint/Documents/By Semester/Spring 2026/320/Team10/backend/src/models/User.ts": {"path":"/Users/arkarmoemyint/Documents/By Semester/Spring 2026/320/Team10/backend/src/models/User.ts","statementMap":{"0":{"start":{"line":1,"column":0},"end":{"line":1,"column":41}},"1":{"start":{"line":3,"column":19},"end":{"line":10,"column":null}},"2":{"start":{"line":13,"column":0},"end":{"line":13,"column":41}}},"fnMap":{},"branchMap":{},"s":{"0":9,"1":9,"2":9},"f":{},"b":{}}
,"/Users/arkarmoemyint/Documents/By Semester/Spring 2026/320/Team10/backend/src/routes/authRoutes.ts": {"path":"/Users/arkarmoemyint/Documents/By Semester/Spring 2026/320/Team10/backend/src/routes/authRoutes.ts","statementMap":{"0":{"start":{"line":1,"column":0},"end":{"line":1,"column":33}},"1":{"start":{"line":2,"column":0},"end":{"line":2,"column":64}},"2":{"start":{"line":4,"column":15},"end":{"line":4,"column":23}},"3":{"start":{"line":5,"column":0},"end":{"line":5,"column":35}},"4":{"start":{"line":6,"column":0},"end":{"line":6,"column":29}},"5":{"start":{"line":7,"column":0},"end":{"line":7,"column":22}}},"fnMap":{},"branchMap":{},"s":{"0":9,"1":9,"2":9,"3":9,"4":9,"5":9},"f":{},"b":{}}
,"/Users/arkarmoemyint/Documents/By Semester/Spring 2026/320/Team10/backend/src/routes/listingRoutes.ts": {"path":"/Users/arkarmoemyint/Documents/By Semester/Spring 2026/320/Team10/backend/src/routes/listingRoutes.ts","statementMap":{"0":{"start":{"line":2,"column":0},"end":{"line":2,"column":33}},"1":{"start":{"line":3,"column":0},"end":{"line":3,"column":null}},"2":{"start":{"line":11,"column":0},"end":{"line":11,"column":45}},"3":{"start":{"line":13,"column":15},"end":{"line":13,"column":23}},"4":{"start":{"line":16,"column":0},"end":{"line":16,"column":29}},"5":{"start":{"line":19,"column":0},"end":{"line":19,"column":42}},"6":{"start":{"line":22,"column":0},"end":{"line":22,"column":35}},"7":{"start":{"line":25,"column":0},"end":{"line":25,"column":41}},"8":{"start":{"line":26,"column":0},"end":{"line":26,"column":45}},"9":{"start":{"line":27,"column":0},"end":{"line":27,"column":46}},"10":{"start":{"line":29,"column":0},"end":{"line":29,"column":22}}},"fnMap":{},"branchMap":{},"s":{"0":9,"1":9,"2":9,"3":9,"4":9,"5":9,"6":9,"7":9,"8":9,"9":9,"10":9},"f":{},"b":{}}
,"/Users/arkarmoemyint/Documents/By Semester/Spring 2026/320/Team10/backend/src/routes/productRoutes.ts": {"path":"/Users/arkarmoemyint/Documents/By Semester/Spring 2026/320/Team10/backend/src/routes/productRoutes.ts","statementMap":{"0":{"start":{"line":1,"column":0},"end":{"line":1,"column":33}},"1":{"start":{"line":2,"column":0},"end":{"line":2,"column":71}},"2":{"start":{"line":4,"column":22},"end":{"line":4,"column":30}},"3":{"start":{"line":6,"column":0},"end":{"line":6,"column":57}},"4":{"start":{"line":7,"column":0},"end":{"line":7,"column":57}},"5":{"start":{"line":8,"column":0},"end":{"line":8,"column":60}},"6":{"start":{"line":9,"column":0},"end":{"line":9,"column":61}},"7":{"start":{"line":10,"column":0},"end":{"line":10,"column":62}},"8":{"start":{"line":12,"column":0},"end":{"line":12,"column":29}}},"fnMap":{},"branchMap":{},"s":{"0":10,"1":10,"2":10,"3":10,"4":10,"5":10,"6":10,"7":10,"8":10},"f":{},"b":{}}
,"/Users/arkarmoemyint/Documents/By Semester/Spring 2026/320/Team10/backend/src/routes/transactionRoutes.ts": {"path":"/Users/arkarmoemyint/Documents/By Semester/Spring 2026/320/Team10/backend/src/routes/transactionRoutes.ts","statementMap":{"0":{"start":{"line":1,"column":0},"end":{"line":1,"column":33}},"1":{"start":{"line":2,"column":0},"end":{"line":2,"column":45}},"2":{"start":{"line":3,"column":0},"end":{"line":3,"column":null}},"3":{"start":{"line":10,"column":15},"end":{"line":10,"column":23}},"4":{"start":{"line":12,"column":0},"end":{"line":12,"column":45}},"5":{"start":{"line":13,"column":0},"end":{"line":13,"column":42}},"6":{"start":{"line":14,"column":0},"end":{"line":14,"column":48}},"7":{"start":{"line":15,"column":0},"end":{"line":15,"column":62}},"8":{"start":{"line":17,"column":0},"end":{"line":17,"column":22}}},"fnMap":{},"branchMap":{},"s":{"0":9,"1":9,"2":9,"3":9,"4":9,"5":9,"6":9,"7":9,"8":9},"f":{},"b":{}}
,"/Users/arkarmoemyint/Documents/By Semester/Spring 2026/320/Team10/backend/src/services/authService.ts": {"path":"/Users/arkarmoemyint/Documents/By Semester/Spring 2026/320/Team10/backend/src/services/authService.ts","statementMap":{"0":{"start":{"line":6,"column":0},"end":{"line":6,"column":16}},"1":{"start":{"line":25,"column":0},"end":{"line":25,"column":7}},"2":{"start":{"line":57,"column":0},"end":{"line":57,"column":7}},"3":{"start":{"line":1,"column":0},"end":{"line":1,"column":28}},"4":{"start":{"line":2,"column":0},"end":{"line":2,"column":31}},"5":{"start":{"line":3,"column":0},"end":{"line":3,"column":34}},"6":{"start":{"line":4,"column":0},"end":{"line":4,"column":45}},"7":{"start":{"line":7,"column":17},"end":{"line":7,"column":39}},"8":{"start":{"line":8,"column":20},"end":{"line":8,"column":46}},"9":{"start":{"line":10,"column":2},"end":{"line":12,"column":3}},"10":{"start":{"line":11,"column":4},"end":{"line":11,"column":49}},"11":{"start":{"line":14,"column":2},"end":{"line":16,"column":3}},"12":{"start":{"line":15,"column":4},"end":{"line":15,"column":53}},"13":{"start":{"line":18,"column":2},"end":{"line":22,"column":4}},"14":{"start":{"line":26,"column":2},"end":{"line":28,"column":3}},"15":{"start":{"line":27,"column":4},"end":{"line":27,"column":59}},"16":{"start":{"line":30,"column":19},"end":{"line":30,"column":70}},"17":{"start":{"line":31,"column":2},"end":{"line":31,"column":68}},"18":{"start":{"line":31,"column":16},"end":{"line":31,"column":68}},"19":{"start":{"line":34,"column":17},"end":{"line":34,"column":57}},"20":{"start":{"line":36,"column":23},"end":{"line":36,"column":63}},"21":{"start":{"line":38,"column":15},"end":{"line":42,"column":4}},"22":{"start":{"line":44,"column":16},"end":{"line":44,"column":46}},"23":{"start":{"line":46,"column":2},"end":{"line":54,"column":4}},"24":{"start":{"line":58,"column":15},"end":{"line":58,"column":66}},"25":{"start":{"line":59,"column":2},"end":{"line":59,"column":60}},"26":{"start":{"line":59,"column":13},"end":{"line":59,"column":60}},"27":{"start":{"line":61,"column":13},"end":{"line":61,"column":67}},"28":{"start":{"line":62,"column":2},"end":{"line":62,"column":58}},"29":{"start":{"line":62,"column":11},"end":{"line":62,"column":58}},"30":{"start":{"line":64,"column":16},"end":{"line":64,"column":46}},"31":{"start":{"line":66,"column":2},"end":{"line":74,"column":4}}},"fnMap":{"0":{"name":"signToken","decl":{"start":{"line":6,"column":16},"end":{"line":6,"column":25}},"loc":{"start":{"line":6,"column":40},"end":{"line":23,"column":1}}},"1":{"name":"register","decl":{"start":{"line":25,"column":22},"end":{"line":25,"column":30}},"loc":{"start":{"line":25,"column":91},"end":{"line":55,"column":1}}},"2":{"name":"login","decl":{"start":{"line":57,"column":22},"end":{"line":57,"column":27}},"loc":{"start":{"line":57,"column":74},"end":{"line":75,"column":1}}}},"branchMap":{"0":{"loc":{"start":{"line":10,"column":2},"end":{"line":12,"column":3}},"type":"if","locations":[{"start":{"line":10,"column":2},"end":{"line":12,"column":3}},{"start":{},"end":{}}]},"1":{"loc":{"start":{"line":14,"column":2},"end":{"line":16,"column":3}},"type":"if","locations":[{"start":{"line":14,"column":2},"end":{"line":16,"column":3}},{"start":{},"end":{}}]},"2":{"loc":{"start":{"line":26,"column":2},"end":{"line":28,"column":3}},"type":"if","locations":[{"start":{"line":26,"column":2},"end":{"line":28,"column":3}},{"start":{},"end":{}}]},"3":{"loc":{"start":{"line":31,"column":2},"end":{"line":31,"column":68}},"type":"if","locations":[{"start":{"line":31,"column":2},"end":{"line":31,"column":68}},{"start":{},"end":{}}]},"4":{"loc":{"start":{"line":34,"column":17},"end":{"line":34,"column":57}},"type":"cond-expr","locations":[{"start":{"line":34,"column":51},"end":{"line":34,"column":52}},{"start":{"line":34,"column":55},"end":{"line":34,"column":57}}]},"5":{"loc":{"start":{"line":59,"column":2},"end":{"line":59,"column":60}},"type":"if","locations":[{"start":{"line":59,"column":2},"end":{"line":59,"column":60}},{"start":{},"end":{}}]},"6":{"loc":{"start":{"line":62,"column":2},"end":{"line":62,"column":58}},"type":"if","locations":[{"start":{"line":62,"column":2},"end":{"line":62,"column":58}},{"start":{},"end":{}}]}},"s":{"0":9,"1":9,"2":9,"3":9,"4":9,"5":9,"6":9,"7":43,"8":43,"9":43,"10":0,"11":43,"12":0,"13":43,"14":44,"15":1,"16":43,"17":43,"18":1,"19":42,"20":42,"21":42,"22":42,"23":42,"24":3,"25":3,"26":1,"27":2,"28":2,"29":1,"30":1,"31":1},"f":{"0":43,"1":44,"2":3},"b":{"0":[0,43],"1":[0,43],"2":[1,43],"3":[1,42],"4":[42,0],"5":[1,2],"6":[1,1]}}
,"/Users/arkarmoemyint/Documents/By Semester/Spring 2026/320/Team10/backend/src/services/listingService.ts": {"path":"/Users/arkarmoemyint/Documents/By Semester/Spring 2026/320/Team10/backend/src/services/listingService.ts","statementMap":{"0":{"start":{"line":18,"column":0},"end":{"line":18,"column":7}},"1":{"start":{"line":25,"column":0},"end":{"line":25,"column":7}},"2":{"start":{"line":76,"column":0},"end":{"line":76,"column":7}},"3":{"start":{"line":83,"column":0},"end":{"line":83,"column":7}},"4":{"start":{"line":95,"column":0},"end":{"line":95,"column":7}},"5":{"start":{"line":106,"column":0},"end":{"line":106,"column":7}},"6":{"start":{"line":1,"column":0},"end":{"line":1,"column":40}},"7":{"start":{"line":2,"column":0},"end":{"line":2,"column":45}},"8":{"start":{"line":19,"column":2},"end":{"line":22,"column":5}},"9":{"start":{"line":26,"column":22},"end":{"line":26,"column":24}},"10":{"start":{"line":28,"column":2},"end":{"line":28,"column":57}},"11":{"start":{"line":28,"column":22},"end":{"line":28,"column":57}},"12":{"start":{"line":29,"column":2},"end":{"line":29,"column":51}},"13":{"start":{"line":29,"column":20},"end":{"line":29,"column":51}},"14":{"start":{"line":30,"column":2},"end":{"line":30,"column":54}},"15":{"start":{"line":30,"column":21},"end":{"line":30,"column":54}},"16":{"start":{"line":31,"column":2},"end":{"line":31,"column":49}},"17":{"start":{"line":31,"column":20},"end":{"line":31,"column":49}},"18":{"start":{"line":32,"column":2},"end":{"line":32,"column":58}},"19":{"start":{"line":32,"column":23},"end":{"line":32,"column":58}},"20":{"start":{"line":35,"column":2},"end":{"line":40,"column":3}},"21":{"start":{"line":36,"column":4},"end":{"line":39,"column":6}},"22":{"start":{"line":46,"column":15},"end":{"line":46,"column":59}},"23":{"start":{"line":47,"column":16},"end":{"line":47,"column":77}},"24":{"start":{"line":48,"column":15},"end":{"line":48,"column":33}},"25":{"start":{"line":53,"column":39},"end":{"line":58,"column":4}},"26":{"start":{"line":59,"column":15},"end":{"line":59,"column":75}},"27":{"start":{"line":61,"column":25},"end":{"line":71,"column":4}},"28":{"start":{"line":73,"column":2},"end":{"line":73,"column":72}},"29":{"start":{"line":77,"column":2},"end":{"line":80,"column":27}},"30":{"start":{"line":84,"column":18},"end":{"line":84,"column":44}},"31":{"start":{"line":85,"column":2},"end":{"line":85,"column":61}},"32":{"start":{"line":85,"column":16},"end":{"line":85,"column":61}},"33":{"start":{"line":87,"column":2},"end":{"line":89,"column":3}},"34":{"start":{"line":88,"column":4},"end":{"line":88,"column":43}},"35":{"start":{"line":91,"column":32},"end":{"line":91,"column":36}},"36":{"start":{"line":92,"column":2},"end":{"line":92,"column":81}},"37":{"start":{"line":96,"column":18},"end":{"line":96,"column":44}},"38":{"start":{"line":97,"column":2},"end":{"line":97,"column":61}},"39":{"start":{"line":97,"column":16},"end":{"line":97,"column":61}},"40":{"start":{"line":99,"column":2},"end":{"line":101,"column":3}},"41":{"start":{"line":100,"column":4},"end":{"line":100,"column":43}},"42":{"start":{"line":103,"column":2},"end":{"line":103,"column":39}},"43":{"start":{"line":108,"column":2},"end":{"line":108,"column":51}}},"fnMap":{"0":{"name":"createListing","decl":{"start":{"line":18,"column":22},"end":{"line":18,"column":35}},"loc":{"start":{"line":18,"column":61},"end":{"line":23,"column":1}}},"1":{"name":"getListings","decl":{"start":{"line":25,"column":22},"end":{"line":25,"column":33}},"loc":{"start":{"line":25,"column":53},"end":{"line":74,"column":1}}},"2":{"name":"getListingById","decl":{"start":{"line":76,"column":22},"end":{"line":76,"column":36}},"loc":{"start":{"line":76,"column":47},"end":{"line":81,"column":1}}},"3":{"name":"updateListing","decl":{"start":{"line":83,"column":22},"end":{"line":83,"column":35}},"loc":{"start":{"line":83,"column":73},"end":{"line":93,"column":1}}},"4":{"name":"deleteListing","decl":{"start":{"line":95,"column":22},"end":{"line":95,"column":35}},"loc":{"start":{"line":95,"column":62},"end":{"line":104,"column":1}}},"5":{"name":"getMyListings","decl":{"start":{"line":106,"column":22},"end":{"line":106,"column":35}},"loc":{"start":{"line":106,"column":71},"end":{"line":109,"column":1}}}},"branchMap":{"0":{"loc":{"start":{"line":28,"column":2},"end":{"line":28,"column":57}},"type":"if","locations":[{"start":{"line":28,"column":2},"end":{"line":28,"column":57}},{"start":{},"end":{}}]},"1":{"loc":{"start":{"line":29,"column":2},"end":{"line":29,"column":51}},"type":"if","locations":[{"start":{"line":29,"column":2},"end":{"line":29,"column":51}},{"start":{},"end":{}}]},"2":{"loc":{"start":{"line":30,"column":2},"end":{"line":30,"column":54}},"type":"if","locations":[{"start":{"line":30,"column":2},"end":{"line":30,"column":54}},{"start":{},"end":{}}]},"3":{"loc":{"start":{"line":31,"column":2},"end":{"line":31,"column":49}},"type":"if","locations":[{"start":{"line":31,"column":2},"end":{"line":31,"column":49}},{"start":{},"end":{}}]},"4":{"loc":{"start":{"line":32,"column":2},"end":{"line":32,"column":58}},"type":"if","locations":[{"start":{"line":32,"column":2},"end":{"line":32,"column":58}},{"start":{},"end":{}}]},"5":{"loc":{"start":{"line":35,"column":2},"end":{"line":40,"column":3}},"type":"if","locations":[{"start":{"line":35,"column":2},"end":{"line":40,"column":3}},{"start":{},"end":{}}]},"6":{"loc":{"start":{"line":46,"column":33},"end":{"line":46,"column":50}},"type":"binary-expr","locations":[{"start":{"line":46,"column":33},"end":{"line":46,"column":43}},{"start":{"line":46,"column":47},"end":{"line":46,"column":50}}]},"7":{"loc":{"start":{"line":47,"column":43},"end":{"line":47,"column":62}},"type":"binary-expr","locations":[{"start":{"line":47,"column":43},"end":{"line":47,"column":54}},{"start":{"line":47,"column":58},"end":{"line":47,"column":62}}]},"8":{"loc":{"start":{"line":59,"column":15},"end":{"line":59,"column":75}},"type":"binary-expr","locations":[{"start":{"line":59,"column":15},"end":{"line":59,"column":54}},{"start":{"line":59,"column":58},"end":{"line":59,"column":75}}]},"9":{"loc":{"start":{"line":59,"column":23},"end":{"line":59,"column":53}},"type":"binary-expr","locations":[{"start":{"line":59,"column":23},"end":{"line":59,"column":33}},{"start":{"line":59,"column":37},"end":{"line":59,"column":53}}]},"10":{"loc":{"start":{"line":85,"column":2},"end":{"line":85,"column":61}},"type":"if","locations":[{"start":{"line":85,"column":2},"end":{"line":85,"column":61}},{"start":{},"end":{}}]},"11":{"loc":{"start":{"line":87,"column":2},"end":{"line":89,"column":3}},"type":"if","locations":[{"start":{"line":87,"column":2},"end":{"line":89,"column":3}},{"start":{},"end":{}}]},"12":{"loc":{"start":{"line":97,"column":2},"end":{"line":97,"column":61}},"type":"if","locations":[{"start":{"line":97,"column":2},"end":{"line":97,"column":61}},{"start":{},"end":{}}]},"13":{"loc":{"start":{"line":99,"column":2},"end":{"line":101,"column":3}},"type":"if","locations":[{"start":{"line":99,"column":2},"end":{"line":101,"column":3}},{"start":{},"end":{}}]}},"s":{"0":9,"1":9,"2":9,"3":9,"4":9,"5":9,"6":9,"7":9,"8":0,"9":0,"10":0,"11":0,"12":0,"13":0,"14":0,"15":0,"16":0,"17":0,"18":0,"19":0,"20":0,"21":0,"22":0,"23":0,"24":0,"25":0,"26":0,"27":0,"28":0,"29":1,"30":0,"31":0,"32":0,"33":0,"34":0,"35":0,"36":0,"37":0,"38":0,"39":0,"40":0,"41":0,"42":0,"43":0},"f":{"0":0,"1":0,"2":1,"3":0,"4":0,"5":0},"b":{"0":[0,0],"1":[0,0],"2":[0,0],"3":[0,0],"4":[0,0],"5":[0,0],"6":[0,0],"7":[0,0],"8":[0,0],"9":[0,0],"10":[0,0],"11":[0,0],"12":[0,0],"13":[0,0]}}
,"/Users/arkarmoemyint/Documents/By Semester/Spring 2026/320/Team10/backend/src/services/productService.ts": {"path":"/Users/arkarmoemyint/Documents/By Semester/Spring 2026/320/Team10/backend/src/services/productService.ts","statementMap":{"0":{"start":{"line":1,"column":0},"end":{"line":1,"column":54}},"1":{"start":{"line":11,"column":36},"end":{"line":14,"column":1}},"2":{"start":{"line":12,"column":20},"end":{"line":12,"column":37}},"3":{"start":{"line":13,"column":4},"end":{"line":13,"column":32}},"4":{"start":{"line":11,"column":13},"end":{"line":11,"column":36}},"5":{"start":{"line":16,"column":30},"end":{"line":24,"column":1}},"6":{"start":{"line":17,"column":21},"end":{"line":17,"column":43}},"7":{"start":{"line":19,"column":4},"end":{"line":21,"column":5}},"8":{"start":{"line":20,"column":8},"end":{"line":20,"column":45}},"9":{"start":{"line":23,"column":4},"end":{"line":23,"column":20}},"10":{"start":{"line":16,"column":13},"end":{"line":16,"column":30}},"11":{"start":{"line":26,"column":30},"end":{"line":32,"column":1}},"12":{"start":{"line":27,"column":20},"end":{"line":27,"column":46}},"13":{"start":{"line":28,"column":4},"end":{"line":30,"column":5}},"14":{"start":{"line":29,"column":8},"end":{"line":29,"column":45}},"15":{"start":{"line":31,"column":4},"end":{"line":31,"column":19}},"16":{"start":{"line":26,"column":13},"end":{"line":26,"column":30}},"17":{"start":{"line":34,"column":29},"end":{"line":49,"column":1}},"18":{"start":{"line":38,"column":20},"end":{"line":41,"column":null}},"19":{"start":{"line":44,"column":4},"end":{"line":46,"column":5}},"20":{"start":{"line":45,"column":8},"end":{"line":45,"column":45}},"21":{"start":{"line":48,"column":4},"end":{"line":48,"column":19}},"22":{"start":{"line":34,"column":13},"end":{"line":34,"column":29}},"23":{"start":{"line":51,"column":29},"end":{"line":56,"column":1}},"24":{"start":{"line":52,"column":20},"end":{"line":52,"column":55}},"25":{"start":{"line":53,"column":4},"end":{"line":55,"column":5}},"26":{"start":{"line":54,"column":8},"end":{"line":54,"column":45}},"27":{"start":{"line":51,"column":13},"end":{"line":51,"column":29}}},"fnMap":{"0":{"name":"(anonymous_0)","decl":{"start":{"line":11,"column":36},"end":{"line":11,"column":41}},"loc":{"start":{"line":11,"column":90},"end":{"line":14,"column":1}}},"1":{"name":"(anonymous_1)","decl":{"start":{"line":16,"column":30},"end":{"line":16,"column":35}},"loc":{"start":{"line":16,"column":62},"end":{"line":24,"column":1}}},"2":{"name":"(anonymous_2)","decl":{"start":{"line":26,"column":30},"end":{"line":26,"column":35}},"loc":{"start":{"line":26,"column":70},"end":{"line":32,"column":1}}},"3":{"name":"(anonymous_3)","decl":{"start":{"line":34,"column":29},"end":{"line":34,"column":34}},"loc":{"start":{"line":37,"column":23},"end":{"line":49,"column":1}}},"4":{"name":"(anonymous_4)","decl":{"start":{"line":51,"column":29},"end":{"line":51,"column":34}},"loc":{"start":{"line":51,"column":65},"end":{"line":56,"column":1}}}},"branchMap":{"0":{"loc":{"start":{"line":19,"column":4},"end":{"line":21,"column":5}},"type":"if","locations":[{"start":{"line":19,"column":4},"end":{"line":21,"column":5}},{"start":{},"end":{}}]},"1":{"loc":{"start":{"line":28,"column":4},"end":{"line":30,"column":5}},"type":"if","locations":[{"start":{"line":28,"column":4},"end":{"line":30,"column":5}},{"start":{},"end":{}}]},"2":{"loc":{"start":{"line":44,"column":4},"end":{"line":46,"column":5}},"type":"if","locations":[{"start":{"line":44,"column":4},"end":{"line":46,"column":5}},{"start":{},"end":{}}]},"3":{"loc":{"start":{"line":53,"column":4},"end":{"line":55,"column":5}},"type":"if","locations":[{"start":{"line":53,"column":4},"end":{"line":55,"column":5}},{"start":{},"end":{}}]}},"s":{"0":9,"1":9,"2":0,"3":0,"4":9,"5":9,"6":0,"7":0,"8":0,"9":0,"10":9,"11":9,"12":0,"13":0,"14":0,"15":0,"16":9,"17":9,"18":0,"19":0,"20":0,"21":0,"22":9,"23":9,"24":0,"25":0,"26":0,"27":9},"f":{"0":0,"1":0,"2":0,"3":0,"4":0},"b":{"0":[0,0],"1":[0,0],"2":[0,0],"3":[0,0]}}
,"/Users/arkarmoemyint/Documents/By Semester/Spring 2026/320/Team10/backend/src/services/transactionService.ts": {"path":"/Users/arkarmoemyint/Documents/By Semester/Spring 2026/320/Team10/backend/src/services/transactionService.ts","statementMap":{"0":{"start":{"line":13,"column":0},"end":{"line":13,"column":7}},"1":{"start":{"line":49,"column":0},"end":{"line":49,"column":7}},"2":{"start":{"line":88,"column":0},"end":{"line":88,"column":7}},"3":{"start":{"line":112,"column":0},"end":{"line":112,"column":7}},"4":{"start":{"line":1,"column":0},"end":{"line":1,"column":32}},"5":{"start":{"line":2,"column":0},"end":{"line":2,"column":48}},"6":{"start":{"line":3,"column":0},"end":{"line":3,"column":40}},"7":{"start":{"line":4,"column":0},"end":{"line":4,"column":45}},"8":{"start":{"line":20,"column":2},"end":{"line":22,"column":3}},"9":{"start":{"line":21,"column":4},"end":{"line":21,"column":50}},"10":{"start":{"line":24,"column":18},"end":{"line":24,"column":56}},"11":{"start":{"line":25,"column":2},"end":{"line":27,"column":3}},"12":{"start":{"line":26,"column":4},"end":{"line":26,"column":49}},"13":{"start":{"line":29,"column":19},"end":{"line":29,"column":49}},"14":{"start":{"line":30,"column":2},"end":{"line":32,"column":3}},"15":{"start":{"line":31,"column":4},"end":{"line":31,"column":56}},"16":{"start":{"line":34,"column":2},"end":{"line":36,"column":3}},"17":{"start":{"line":35,"column":4},"end":{"line":35,"column":79}},"18":{"start":{"line":38,"column":22},"end":{"line":44,"column":4}},"19":{"start":{"line":46,"column":2},"end":{"line":46,"column":21}},"20":{"start":{"line":50,"column":22},"end":{"line":50,"column":24}},"21":{"start":{"line":52,"column":2},"end":{"line":58,"column":3}},"22":{"start":{"line":53,"column":4},"end":{"line":53,"column":28}},"23":{"start":{"line":54,"column":9},"end":{"line":58,"column":3}},"24":{"start":{"line":55,"column":4},"end":{"line":55,"column":29}},"25":{"start":{"line":57,"column":4},"end":{"line":57,"column":61}},"26":{"start":{"line":60,"column":2},"end":{"line":62,"column":3}},"27":{"start":{"line":61,"column":4},"end":{"line":61,"column":33}},"28":{"start":{"line":64,"column":15},"end":{"line":64,"column":59}},"29":{"start":{"line":65,"column":16},"end":{"line":65,"column":77}},"30":{"start":{"line":66,"column":15},"end":{"line":66,"column":33}},"31":{"start":{"line":68,"column":25},"end":{"line":77,"column":4}},"32":{"start":{"line":79,"column":2},"end":{"line":85,"column":4}},"33":{"start":{"line":89,"column":2},"end":{"line":91,"column":3}},"34":{"start":{"line":90,"column":4},"end":{"line":90,"column":54}},"35":{"start":{"line":93,"column":22},"end":{"line":96,"column":48}},"36":{"start":{"line":98,"column":2},"end":{"line":100,"column":3}},"37":{"start":{"line":99,"column":4},"end":{"line":99,"column":53}},"38":{"start":{"line":102,"column":18},"end":{"line":102,"column":115}},"39":{"start":{"line":103,"column":19},"end":{"line":103,"column":118}},"40":{"start":{"line":105,"column":2},"end":{"line":107,"column":3}},"41":{"start":{"line":106,"column":4},"end":{"line":106,"column":43}},"42":{"start":{"line":109,"column":2},"end":{"line":109,"column":21}},"43":{"start":{"line":117,"column":2},"end":{"line":119,"column":3}},"44":{"start":{"line":118,"column":4},"end":{"line":118,"column":54}},"45":{"start":{"line":121,"column":22},"end":{"line":121,"column":52}},"46":{"start":{"line":122,"column":2},"end":{"line":124,"column":3}},"47":{"start":{"line":123,"column":4},"end":{"line":123,"column":53}},"48":{"start":{"line":126,"column":18},"end":{"line":126,"column":59}},"49":{"start":{"line":127,"column":19},"end":{"line":127,"column":61}},"50":{"start":{"line":129,"column":2},"end":{"line":131,"column":3}},"51":{"start":{"line":130,"column":4},"end":{"line":130,"column":43}},"52":{"start":{"line":133,"column":2},"end":{"line":133,"column":30}},"53":{"start":{"line":134,"column":2},"end":{"line":134,"column":27}},"54":{"start":{"line":138,"column":2},"end":{"line":140,"column":3}},"55":{"start":{"line":139,"column":4},"end":{"line":139,"column":79}},"56":{"start":{"line":142,"column":2},"end":{"line":142,"column":21}}},"fnMap":{"0":{"name":"createTransaction","decl":{"start":{"line":13,"column":22},"end":{"line":13,"column":39}},"loc":{"start":{"line":18,"column":17},"end":{"line":47,"column":1}}},"1":{"name":"getTransactions","decl":{"start":{"line":49,"column":22},"end":{"line":49,"column":37}},"loc":{"start":{"line":49,"column":77},"end":{"line":86,"column":1}}},"2":{"name":"getTransactionById","decl":{"start":{"line":88,"column":22},"end":{"line":88,"column":40}},"loc":{"start":{"line":88,"column":67},"end":{"line":110,"column":1}}},"3":{"name":"updateTransactionStatus","decl":{"start":{"line":112,"column":22},"end":{"line":112,"column":45}},"loc":{"start":{"line":115,"column":16},"end":{"line":143,"column":1}}}},"branchMap":{"0":{"loc":{"start":{"line":20,"column":2},"end":{"line":22,"column":3}},"type":"if","locations":[{"start":{"line":20,"column":2},"end":{"line":22,"column":3}},{"start":{},"end":{}}]},"1":{"loc":{"start":{"line":25,"column":2},"end":{"line":27,"column":3}},"type":"if","locations":[{"start":{"line":25,"column":2},"end":{"line":27,"column":3}},{"start":{},"end":{}}]},"2":{"loc":{"start":{"line":30,"column":2},"end":{"line":32,"column":3}},"type":"if","locations":[{"start":{"line":30,"column":2},"end":{"line":32,"column":3}},{"start":{},"end":{}}]},"3":{"loc":{"start":{"line":34,"column":2},"end":{"line":36,"column":3}},"type":"if","locations":[{"start":{"line":34,"column":2},"end":{"line":36,"column":3}},{"start":{},"end":{}}]},"4":{"loc":{"start":{"line":52,"column":2},"end":{"line":58,"column":3}},"type":"if","locations":[{"start":{"line":52,"column":2},"end":{"line":58,"column":3}},{"start":{"line":54,"column":9},"end":{"line":58,"column":3}}]},"5":{"loc":{"start":{"line":54,"column":9},"end":{"line":58,"column":3}},"type":"if","locations":[{"start":{"line":54,"column":9},"end":{"line":58,"column":3}},{"start":{"line":56,"column":9},"end":{"line":58,"column":3}}]},"6":{"loc":{"start":{"line":60,"column":2},"end":{"line":62,"column":3}},"type":"if","locations":[{"start":{"line":60,"column":2},"end":{"line":62,"column":3}},{"start":{},"end":{}}]},"7":{"loc":{"start":{"line":64,"column":33},"end":{"line":64,"column":50}},"type":"binary-expr","locations":[{"start":{"line":64,"column":33},"end":{"line":64,"column":43}},{"start":{"line":64,"column":47},"end":{"line":64,"column":50}}]},"8":{"loc":{"start":{"line":65,"column":43},"end":{"line":65,"column":62}},"type":"binary-expr","locations":[{"start":{"line":65,"column":43},"end":{"line":65,"column":54}},{"start":{"line":65,"column":58},"end":{"line":65,"column":62}}]},"9":{"loc":{"start":{"line":89,"column":2},"end":{"line":91,"column":3}},"type":"if","locations":[{"start":{"line":89,"column":2},"end":{"line":91,"column":3}},{"start":{},"end":{}}]},"10":{"loc":{"start":{"line":98,"column":2},"end":{"line":100,"column":3}},"type":"if","locations":[{"start":{"line":98,"column":2},"end":{"line":100,"column":3}},{"start":{},"end":{}}]},"11":{"loc":{"start":{"line":102,"column":18},"end":{"line":102,"column":115}},"type":"binary-expr","locations":[{"start":{"line":102,"column":18},"end":{"line":102,"column":67}},{"start":{"line":102,"column":71},"end":{"line":102,"column":115}}]},"12":{"loc":{"start":{"line":103,"column":19},"end":{"line":103,"column":118}},"type":"binary-expr","locations":[{"start":{"line":103,"column":19},"end":{"line":103,"column":69}},{"start":{"line":103,"column":73},"end":{"line":103,"column":118}}]},"13":{"loc":{"start":{"line":105,"column":2},"end":{"line":107,"column":3}},"type":"if","locations":[{"start":{"line":105,"column":2},"end":{"line":107,"column":3}},{"start":{},"end":{}}]},"14":{"loc":{"start":{"line":105,"column":6},"end":{"line":105,"column":27}},"type":"binary-expr","locations":[{"start":{"line":105,"column":6},"end":{"line":105,"column":14}},{"start":{"line":105,"column":18},"end":{"line":105,"column":27}}]},"15":{"loc":{"start":{"line":117,"column":2},"end":{"line":119,"column":3}},"type":"if","locations":[{"start":{"line":117,"column":2},"end":{"line":119,"column":3}},{"start":{},"end":{}}]},"16":{"loc":{"start":{"line":122,"column":2},"end":{"line":124,"column":3}},"type":"if","locations":[{"start":{"line":122,"column":2},"end":{"line":124,"column":3}},{"start":{},"end":{}}]},"17":{"loc":{"start":{"line":129,"column":2},"end":{"line":131,"column":3}},"type":"if","locations":[{"start":{"line":129,"column":2},"end":{"line":131,"column":3}},{"start":{},"end":{}}]},"18":{"loc":{"start":{"line":129,"column":6},"end":{"line":129,"column":27}},"type":"binary-expr","locations":[{"start":{"line":129,"column":6},"end":{"line":129,"column":14}},{"start":{"line":129,"column":18},"end":{"line":129,"column":27}}]},"19":{"loc":{"start":{"line":138,"column":2},"end":{"line":140,"column":3}},"type":"if","locations":[{"start":{"line":138,"column":2},"end":{"line":140,"column":3}},{"start":{},"end":{}}]}},"s":{"0":9,"1":9,"2":9,"3":9,"4":9,"5":9,"6":9,"7":9,"8":2,"9":1,"10":1,"11":1,"12":1,"13":0,"14":0,"15":0,"16":0,"17":0,"18":0,"19":0,"20":0,"21":0,"22":0,"23":0,"24":0,"25":0,"26":0,"27":0,"28":0,"29":0,"30":0,"31":0,"32":0,"33":0,"34":0,"35":0,"36":0,"37":0,"38":0,"39":0,"40":0,"41":0,"42":0,"43":0,"44":0,"45":0,"46":0,"47":0,"48":0,"49":0,"50":0,"51":0,"52":0,"53":0,"54":0,"55":0,"56":0},"f":{"0":2,"1":0,"2":0,"3":0},"b":{"0":[1,1],"1":[1,0],"2":[0,0],"3":[0,0],"4":[0,0],"5":[0,0],"6":[0,0],"7":[0,0],"8":[0,0],"9":[0,0],"10":[0,0],"11":[0,0],"12":[0,0],"13":[0,0],"14":[0,0],"15":[0,0],"16":[0,0],"17":[0,0],"18":[0,0],"19":[0,0]}}
,"/Users/arkarmoemyint/Documents/By Semester/Spring 2026/320/Team10/backend/src/utils/AppError.ts": {"path":"/Users/arkarmoemyint/Documents/By Semester/Spring 2026/320/Team10/backend/src/utils/AppError.ts","statementMap":{"0":{"start":{"line":5,"column":4},"end":{"line":5,"column":19}},"1":{"start":{"line":6,"column":4},"end":{"line":6,"column":33}},"2":{"start":{"line":1,"column":0},"end":{"line":1,"column":13}}},"fnMap":{"0":{"name":"(anonymous_0)","decl":{"start":{"line":4,"column":2},"end":{"line":4,"column":14}},"loc":{"start":{"line":4,"column":47},"end":{"line":7,"column":3}}}},"branchMap":{"0":{"loc":{"start":{"line":4,"column":31},"end":{"line":4,"column":47}},"type":"default-arg","locations":[{"start":{"line":4,"column":44},"end":{"line":4,"column":47}}]}},"s":{"0":10,"1":10,"2":9},"f":{"0":10},"b":{"0":[0]}}
}
