TN:
SF:src/app.ts
FN:9,createApp
FN:15,(anonymous_2)
FN:19,(anonymous_3)
FNF:3
FNH:1
FNDA:8,createApp
FNDA:0,(anonymous_2)
FNDA:0,(anonymous_3)
DA:1,8
DA:2,8
DA:4,8
DA:5,8
DA:6,8
DA:7,8
DA:9,8
DA:10,8
DA:12,8
DA:13,8
DA:15,8
DA:16,0
DA:19,8
DA:20,0
DA:23,8
DA:24,8
DA:25,8
DA:26,8
DA:28,8
DA:31,8
LF:20
LH:18
BRF:0
BRH:0
end_of_record
TN:
SF:src/controllers/authController.ts
FN:5,(anonymous_9)
FN:10,(anonymous_10)
FNF:2
FNH:2
FNDA:44,(anonymous_9)
FNDA:3,(anonymous_10)
DA:2,8
DA:3,8
DA:5,8
DA:6,44
DA:7,42
DA:10,8
DA:11,3
DA:12,1
LF:8
LH:8
BRF:0
BRH:0
end_of_record
TN:
SF:src/controllers/listingController.ts
FN:8,getParam
FN:15,getUserId
FN:22,(anonymous_12)
FN:30,(anonymous_13)
FN:35,(anonymous_14)
FN:48,(anonymous_15)
FN:59,(anonymous_16)
FN:70,(anonymous_17)
FNF:8
FNH:6
FNDA:2,getParam
FNDA:7,getUserId
FNDA:7,(anonymous_12)
FNDA:0,(anonymous_13)
FNDA:2,(anonymous_14)
FNDA:1,(anonymous_15)
FNDA:1,(anonymous_16)
FNDA:0,(anonymous_17)
DA:2,8
DA:4,8
DA:5,8
DA:6,8
DA:9,2
DA:10,2
DA:11,0
DA:16,7
DA:17,7
DA:18,7
DA:19,7
DA:22,8
DA:23,7
DA:26,7
DA:27,0
DA:30,8
DA:31,0
DA:32,0
DA:35,8
DA:36,2
DA:38,2
DA:39,1
DA:42,1
DA:43,1
DA:45,0
DA:48,8
DA:49,1
DA:50,1
DA:52,0
DA:53,0
DA:55,0
DA:56,0
DA:59,8
DA:60,1
DA:61,1
DA:63,0
DA:64,0
DA:66,0
DA:67,0
DA:70,8
DA:71,0
DA:73,0
DA:74,0
LF:43
LH:27
BRDA:10,0,0,2
BRDA:10,1,0,2
BRDA:10,1,1,2
BRDA:18,2,0,0
BRDA:38,3,0,1
BRDA:43,4,0,1
BRDA:50,5,0,1
BRDA:53,6,0,0
BRDA:61,7,0,1
BRDA:64,8,0,0
BRF:10
BRH:7
end_of_record
TN:
SF:src/controllers/transactionController.ts
FN:6,getUserId
FN:13,getParam
FN:21,(anonymous_11)
FN:35,(anonymous_12)
FN:41,(anonymous_13)
FN:49,(anonymous_14)
FNF:6
FNH:2
FNDA:2,getUserId
FNDA:0,getParam
FNDA:2,(anonymous_11)
FNDA:0,(anonymous_12)
FNDA:0,(anonymous_13)
FNDA:0,(anonymous_14)
DA:2,8
DA:3,8
DA:4,8
DA:7,2
DA:8,2
DA:9,2
DA:10,2
DA:14,0
DA:16,0
DA:18,0
DA:21,8
DA:22,2
DA:24,2
DA:32,0
DA:35,8
DA:36,0
DA:37,0
DA:38,0
DA:41,8
DA:42,0
DA:43,0
DA:45,0
DA:46,0
DA:49,8
DA:50,0
DA:51,0
DA:53,0
DA:59,0
LF:28
LH:13
BRDA:9,0,0,0
BRDA:16,1,0,0
BRDA:16,2,0,0
BRDA:16,2,1,0
BRF:4
BRH:0
end_of_record
TN:
SF:src/middleware/asyncHandler.ts
FN:7,(anonymous_0)
FN:20,(anonymous_1)
FNF:2
FNH:2
FNDA:96,(anonymous_0)
FNDA:60,(anonymous_1)
DA:6,8
DA:7,8
DA:20,96
DA:21,60
LF:4
LH:4
BRF:0
BRH:0
end_of_record
TN:
SF:src/middleware/auth.ts
FN:5,protect
FNF:1
FNH:1
FNDA:15,protect
DA:2,8
DA:3,8
DA:5,8
DA:6,15
DA:7,15
DA:9,15
DA:10,4
DA:13,11
DA:14,11
DA:16,11
DA:17,0
DA:20,11
DA:21,11
DA:22,0
DA:25,11
DA:27,11
DA:28,11
DA:29,0
DA:32,11
DA:33,11
DA:35,0
LF:21
LH:17
BRDA:9,0,0,4
BRDA:9,1,0,15
BRDA:9,1,1,11
BRDA:16,2,0,0
BRDA:21,3,0,0
BRDA:28,4,0,0
BRF:6
BRH:3
end_of_record
TN:
SF:src/middleware/errorHandler.ts
FN:3,errorHandler
FNF:1
FNH:1
FNDA:17,errorHandler
DA:3,8
DA:4,17
DA:5,17
LF:3
LH:3
BRDA:4,0,0,17
BRDA:4,0,1,7
BRDA:6,1,0,17
BRDA:6,1,1,0
BRDA:7,2,0,17
BRDA:7,2,1,0
BRF:6
BRH:4
end_of_record
TN:
SF:src/models/Category.ts
FNF:0
FNH:0
DA:1,7
DA:9,7
DA:16,7
DA:18,7
LF:4
LH:4
BRF:0
BRH:0
end_of_record
TN:
SF:src/models/Listing.ts
FNF:0
FNH:0
DA:1,8
DA:3,8
DA:30,8
LF:3
LH:3
BRF:0
BRH:0
end_of_record
TN:
SF:src/models/Product.ts
FNF:0
FNH:0
DA:1,6
DA:11,6
DA:24,6
LF:3
LH:3
BRF:0
BRH:0
end_of_record
TN:
SF:src/models/Transaction.ts
FNF:0
FNH:0
DA:1,8
DA:13,8
DA:44,8
LF:3
LH:3
BRF:0
BRH:0
end_of_record
TN:
SF:src/models/User.ts
FNF:0
FNH:0
DA:1,8
DA:3,8
DA:13,8
LF:3
LH:3
BRF:0
BRH:0
end_of_record
TN:
SF:src/routes/authRoutes.ts
FNF:0
FNH:0
DA:1,8
DA:2,8
DA:4,8
DA:5,8
DA:6,8
DA:7,8
LF:6
LH:6
BRF:0
BRH:0
end_of_record
TN:
SF:src/routes/listingRoutes.ts
FNF:0
FNH:0
DA:2,8
DA:3,8
DA:4,8
DA:6,8
DA:9,8
DA:12,8
DA:15,8
DA:18,8
DA:19,8
DA:20,8
DA:22,8
LF:11
LH:11
BRF:0
BRH:0
end_of_record
TN:
SF:src/routes/productRoutes.ts
FNF:0
FNH:0
DA:1,2
DA:2,2
DA:4,2
DA:6,2
DA:7,2
DA:8,2
DA:9,2
DA:10,2
DA:12,2
LF:9
LH:9
BRF:0
BRH:0
end_of_record
TN:
SF:src/routes/transactionRoutes.ts
FNF:0
FNH:0
DA:1,8
DA:2,8
DA:3,8
DA:10,8
DA:12,8
DA:13,8
DA:14,8
DA:15,8
DA:17,8
LF:9
LH:9
BRF:0
BRH:0
end_of_record
TN:
SF:src/services/authService.ts
FN:6,signToken
FN:25,register
FN:57,login
FNF:3
FNH:3
FNDA:43,signToken
FNDA:44,register
FNDA:3,login
DA:1,8
DA:2,8
DA:3,8
DA:4,8
DA:6,8
DA:7,43
DA:8,43
DA:10,43
DA:11,0
DA:14,43
DA:15,0
DA:18,43
DA:25,8
DA:26,44
DA:27,1
DA:30,43
DA:31,43
DA:34,42
DA:36,42
DA:38,42
DA:44,42
DA:46,42
DA:57,8
DA:58,3
DA:59,3
DA:61,2
DA:62,2
DA:64,1
DA:66,1
LF:29
LH:27
BRDA:10,0,0,0
BRDA:14,1,0,0
BRDA:26,2,0,1
BRDA:31,3,0,1
BRDA:34,4,0,42
BRDA:34,4,1,0
BRDA:59,5,0,1
BRDA:62,6,0,1
BRF:8
BRH:5
end_of_record
TN:
SF:src/services/listingService.ts
FN:18,createListing
FN:25,getListings
FN:76,getListingById
FN:83,updateListing
FN:95,deleteListing
FN:106,getMyListings
FNF:6
FNH:2
FNDA:7,createListing
FNDA:0,getListings
FNDA:1,getListingById
FNDA:0,updateListing
FNDA:0,deleteListing
FNDA:0,getMyListings
DA:1,8
DA:2,8
DA:18,8
DA:19,7
DA:25,8
DA:26,0
DA:28,0
DA:29,0
DA:30,0
DA:31,0
DA:32,0
DA:35,0
DA:36,0
DA:46,0
DA:47,0
DA:48,0
DA:53,0
DA:59,0
DA:61,0
DA:73,0
DA:76,8
DA:77,1
DA:83,8
DA:84,0
DA:85,0
DA:87,0
DA:88,0
DA:91,0
DA:92,0
DA:95,8
DA:96,0
DA:97,0
DA:99,0
DA:100,0
DA:103,0
DA:106,8
DA:108,0
LF:37
LH:10
BRDA:28,0,0,0
BRDA:29,1,0,0
BRDA:30,2,0,0
BRDA:31,3,0,0
BRDA:32,4,0,0
BRDA:35,5,0,0
BRDA:46,6,0,0
BRDA:46,6,1,0
BRDA:47,7,0,0
BRDA:47,7,1,0
BRDA:59,8,0,0
BRDA:59,8,1,0
BRDA:59,9,0,0
BRDA:59,9,1,0
BRDA:85,10,0,0
BRDA:87,11,0,0
BRDA:97,12,0,0
BRDA:99,13,0,0
BRF:18
BRH:0
end_of_record
TN:
SF:src/services/transactionService.ts
FN:13,createTransaction
FN:49,getTransactions
FN:88,getTransactionById
FN:112,updateTransactionStatus
FNF:4
FNH:1
FNDA:2,createTransaction
FNDA:0,getTransactions
FNDA:0,getTransactionById
FNDA:0,updateTransactionStatus
DA:1,8
DA:2,8
DA:3,8
DA:4,8
DA:13,8
DA:20,2
DA:21,1
DA:24,1
DA:25,1
DA:26,1
DA:29,0
DA:30,0
DA:31,0
DA:34,0
DA:35,0
DA:38,0
DA:46,0
DA:49,8
DA:50,0
DA:52,0
DA:53,0
DA:54,0
DA:55,0
DA:57,0
DA:60,0
DA:61,0
DA:64,0
DA:65,0
DA:66,0
DA:68,0
DA:79,0
DA:88,8
DA:89,0
DA:90,0
DA:93,0
DA:98,0
DA:99,0
DA:102,0
DA:103,0
DA:105,0
DA:106,0
DA:109,0
DA:112,8
DA:117,0
DA:118,0
DA:121,0
DA:122,0
DA:123,0
DA:126,0
DA:127,0
DA:129,0
DA:130,0
DA:133,0
DA:134,0
DA:138,0
DA:139,0
DA:142,0
LF:57
LH:13
BRDA:20,0,0,1
BRDA:25,1,0,1
BRDA:30,2,0,0
BRDA:34,3,0,0
BRDA:52,4,0,0
BRDA:52,4,1,0
BRDA:54,5,0,0
BRDA:54,5,1,0
BRDA:60,6,0,0
BRDA:64,7,0,0
BRDA:64,7,1,0
BRDA:65,8,0,0
BRDA:65,8,1,0
BRDA:89,9,0,0
BRDA:98,10,0,0
BRDA:102,11,0,0
BRDA:102,11,1,0
BRDA:103,12,0,0
BRDA:103,12,1,0
BRDA:105,13,0,0
BRDA:105,14,0,0
BRDA:105,14,1,0
BRDA:117,15,0,0
BRDA:122,16,0,0
BRDA:129,17,0,0
BRDA:129,18,0,0
BRDA:129,18,1,0
BRDA:138,19,0,0
BRF:28
BRH:2
end_of_record
TN:
SF:src/utils/AppError.ts
FN:4,(anonymous_0)
FNF:1
FNH:1
FNDA:10,(anonymous_0)
DA:1,8
DA:5,10
DA:6,10
LF:3
LH:3
BRDA:4,0,0,0
BRF:1
BRH:0
end_of_record
