TN:
SF:src/app.ts
FN:8,createApp
FN:14,(anonymous_2)
FN:18,(anonymous_3)
FNF:3
FNH:1
FNDA:2,createApp
FNDA:0,(anonymous_2)
FNDA:0,(anonymous_3)
DA:1,2
DA:2,2
DA:4,2
DA:5,2
DA:6,2
DA:8,2
DA:9,2
DA:11,2
DA:12,2
DA:14,2
DA:15,0
DA:18,2
DA:19,0
DA:22,2
DA:23,2
DA:25,2
DA:27,2
DA:30,2
LF:18
LH:16
BRF:0
BRH:0
end_of_record
TN:
SF:src/config/data-source.ts
FNF:0
FNH:0
DA:1,4
DA:2,4
DA:3,4
DA:4,4
DA:6,4
LF:5
LH:5
BRDA:8,0,0,4
BRDA:8,0,1,0
BRDA:9,1,0,4
BRDA:9,1,1,0
BRDA:10,2,0,4
BRDA:10,2,1,0
BRDA:11,3,0,4
BRDA:11,3,1,0
BRDA:12,4,0,4
BRDA:12,4,1,0
BRF:10
BRH:5
end_of_record
TN:
SF:src/constants/categories.ts
FNF:0
FNH:0
DA:1,4
LF:1
LH:1
BRF:0
BRH:0
end_of_record
TN:
SF:src/controllers/authController.ts
FN:5,(anonymous_9)
FN:10,(anonymous_10)
FN:15,(anonymous_11)
FNF:3
FNH:3
FNDA:21,(anonymous_9)
FNDA:11,(anonymous_10)
FNDA:2,(anonymous_11)
DA:2,4
DA:3,4
DA:5,4
DA:6,21
DA:7,12
DA:10,4
DA:11,11
DA:12,4
DA:15,4
DA:16,2
LF:10
LH:10
BRF:0
BRH:0
end_of_record
TN:
SF:src/controllers/listingController.ts
FN:9,(anonymous_9)
FN:22,(anonymous_10)
FN:33,(anonymous_11)
FN:50,(anonymous_12)
FN:68,(anonymous_13)
FN:87,(anonymous_14)
FNF:6
FNH:0
FNDA:0,(anonymous_9)
FNDA:0,(anonymous_10)
FNDA:0,(anonymous_11)
FNDA:0,(anonymous_12)
FNDA:0,(anonymous_13)
FNDA:0,(anonymous_14)
DA:3,2
DA:4,2
DA:6,2
DA:9,2
DA:10,0
DA:11,0
DA:13,0
DA:15,0
DA:17,0
DA:22,2
DA:23,0
DA:24,0
DA:26,0
DA:28,0
DA:33,2
DA:34,0
DA:35,0
DA:37,0
DA:38,0
DA:41,0
DA:43,0
DA:45,0
DA:50,2
DA:51,0
DA:52,0
DA:54,0
DA:55,0
DA:58,0
DA:59,0
DA:61,0
DA:63,0
DA:68,2
DA:69,0
DA:70,0
DA:72,0
DA:73,0
DA:76,0
DA:78,0
DA:80,0
DA:82,0
DA:87,2
DA:88,0
DA:89,0
DA:91,0
DA:93,0
DA:95,0
LF:46
LH:9
BRDA:37,0,0,0
BRDA:37,0,1,0
BRDA:54,1,0,0
BRDA:54,1,1,0
BRDA:72,2,0,0
BRDA:72,2,1,0
BRF:6
BRH:0
end_of_record
TN:
SF:src/entities/Listing.ts
FNF:0
FNH:0
DA:1,4
DA:3,4
DA:6,4
DA:8,4
DA:11,4
DA:14,4
DA:17,4
DA:20,4
DA:23,4
DA:26,4
DA:29,4
DA:32,4
LF:12
LH:12
BRDA:32,0,0,0
BRDA:32,0,1,4
BRDA:32,1,0,4
BRDA:32,1,1,0
BRF:4
BRH:2
end_of_record
TN:
SF:src/entities/User.ts
FNF:0
FNH:0
DA:2,6
DA:5,6
DA:7,6
DA:10,6
DA:13,6
DA:16,6
DA:19,6
LF:7
LH:7
BRF:0
BRH:0
end_of_record
TN:
SF:src/middleware/asyncHandler.ts
FN:7,(anonymous_0)
FN:20,(anonymous_1)
FNF:2
FNH:2
FNDA:12,(anonymous_0)
FNDA:34,(anonymous_1)
DA:6,4
DA:7,4
DA:20,12
DA:21,34
LF:4
LH:4
BRF:0
BRH:0
end_of_record
TN:
SF:src/middleware/auth.ts
FN:7,protect
FNF:1
FNH:1
FNDA:13,protect
DA:2,3
DA:3,3
DA:4,3
DA:7,3
DA:8,13
DA:9,13
DA:11,13
DA:12,4
DA:15,9
DA:17,9
DA:18,1
DA:21,8
DA:22,8
DA:23,1
DA:26,7
DA:30,4
DA:31,4
DA:33,4
DA:34,1
DA:37,3
DA:43,3
DA:45,3
LF:22
LH:22
BRDA:11,0,0,4
BRDA:11,0,1,9
BRDA:11,1,0,13
BRDA:11,1,1,10
BRDA:17,2,0,1
BRDA:17,2,1,8
BRDA:22,3,0,1
BRDA:22,3,1,7
BRDA:33,4,0,1
BRDA:33,4,1,3
BRF:10
BRH:10
end_of_record
TN:
SF:src/middleware/errorHandler.ts
FN:3,errorHandler
FNF:1
FNH:1
FNDA:14,errorHandler
DA:3,2
DA:4,14
DA:5,14
LF:3
LH:3
BRDA:4,0,0,14
BRDA:4,0,1,0
BRDA:6,1,0,14
BRDA:6,1,1,0
BRDA:7,2,0,14
BRDA:7,2,1,0
BRF:6
BRH:3
end_of_record
TN:
SF:src/routes/authRoutes.ts
FNF:0
FNH:0
DA:1,3
DA:2,3
DA:3,3
DA:5,3
DA:7,3
DA:8,3
DA:9,3
DA:11,3
LF:8
LH:8
BRF:0
BRH:0
end_of_record
TN:
SF:src/routes/listingRoutes.ts
FNF:0
FNH:0
DA:1,2
DA:2,2
DA:3,2
DA:5,2
DA:8,2
DA:9,2
DA:10,2
DA:13,2
DA:14,2
DA:15,2
DA:17,2
LF:11
LH:11
BRF:0
BRH:0
end_of_record
TN:
SF:src/services/authService.ts
FN:8,signToken
FN:26,register
FN:85,login
FNF:3
FNH:3
FNDA:19,signToken
FNDA:27,register
FNDA:15,login
DA:1,5
DA:2,5
DA:3,5
DA:4,5
DA:6,5
DA:8,5
DA:9,19
DA:10,19
DA:12,19
DA:13,19
DA:15,19
DA:21,19
DA:26,5
DA:28,27
DA:29,27
DA:30,27
DA:33,27
DA:34,3
DA:38,24
DA:39,3
DA:43,21
DA:44,3
DA:47,18
DA:50,18
DA:51,18
DA:54,15
DA:55,15
DA:58,15
DA:64,15
DA:67,14
DA:74,14
DA:85,5
DA:87,15
DA:88,15
DA:91,15
DA:92,3
DA:96,12
DA:99,12
DA:100,12
DA:103,8
DA:104,8
DA:107,5
DA:114,5
LF:43
LH:43
BRDA:12,0,0,0
BRDA:12,0,1,19
BRDA:13,1,0,0
BRDA:13,1,1,19
BRDA:33,2,0,3
BRDA:33,2,1,24
BRDA:33,3,0,27
BRDA:33,3,1,24
BRDA:33,3,2,24
BRDA:38,4,0,3
BRDA:38,4,1,21
BRDA:43,5,0,3
BRDA:43,5,1,18
BRDA:51,6,0,3
BRDA:51,6,1,15
BRDA:54,7,0,15
BRDA:54,7,1,0
BRDA:91,8,0,3
BRDA:91,8,1,12
BRDA:91,9,0,15
BRDA:91,9,1,12
BRDA:100,10,0,4
BRDA:100,10,1,8
BRDA:100,11,0,12
BRDA:100,11,1,9
BRDA:104,12,0,3
BRDA:104,12,1,5
BRF:27
BRH:24
end_of_record
TN:
SF:src/services/listingService.ts
FN:19,createListing
FN:28,getListings
FN:32,getListingById
FN:36,updateListing
FN:54,deleteListing
FN:69,getMyListings
FNF:6
FNH:0
FNDA:0,createListing
FNDA:0,getListings
FNDA:0,getListingById
FNDA:0,updateListing
FNDA:0,deleteListing
FNDA:0,getMyListings
DA:1,2
DA:2,2
DA:3,2
DA:19,2
DA:20,0
DA:22,0
DA:23,0
DA:25,0
DA:28,2
DA:32,2
DA:36,2
DA:37,0
DA:39,0
DA:43,0
DA:44,0
DA:46,0
DA:47,0
DA:49,0
DA:51,0
DA:54,2
DA:55,0
DA:57,0
DA:61,0
DA:62,0
DA:64,0
DA:66,0
DA:69,2
DA:70,0
DA:72,0
LF:29
LH:9
BRDA:43,0,0,0
BRDA:43,0,1,0
BRDA:44,1,0,0
BRDA:44,1,1,0
BRDA:61,2,0,0
BRDA:61,2,1,0
BRDA:62,3,0,0
BRDA:62,3,1,0
BRF:8
BRH:0
end_of_record
TN:
SF:src/utils/AppError.ts
FN:4,(anonymous_0)
FNF:1
FNH:1
FNDA:22,(anonymous_0)
DA:1,5
DA:5,22
DA:6,22
LF:3
LH:3
BRDA:4,0,0,0
BRF:1
BRH:0
end_of_record
TN:
SF:src/utils/getUserId.ts
FN:4,getUserId
FNF:1
FNH:0
FNDA:0,getUserId
DA:1,2
DA:4,2
DA:5,0
DA:6,0
DA:8,0
LF:5
LH:2
BRDA:5,0,0,0
BRDA:5,0,1,0
BRF:2
BRH:0
end_of_record
